<?xml version="1.0" encoding="UTF-8"?>
<testng-results skipped="0" failed="0" ignored="0" total="2" passed="2">
  <reporter-output>
    <line>
      <![CDATA[TestNG_ReportsAndLogs -> Registration]]>
    </line>
  </reporter-output>
  <suite name="Test Suite" duration-ms="37343" started-at="2020-07-25T20:23:30 IST" finished-at="2020-07-25T20:24:07 IST">
    <groups>
    </groups>
    <test name="Parallel scenario" duration-ms="37343" started-at="2020-07-25T20:23:30 IST" finished-at="2020-07-25T20:24:07 IST">
      <class name="com.multibrowser.parabankbrowser2">
        <test-method status="PASS" signature="startReport()[pri:0, instance:com.multibrowser.parabankbrowser2@43bd930a]" name="startReport" is-config="true" duration-ms="201" started-at="2020-07-25T20:23:30 IST" finished-at="2020-07-25T20:23:30 IST">
          <reporter-output>
          </reporter-output>
        </test-method> <!-- startReport -->
        <test-method status="PASS" signature="beforeClass()[pri:0, instance:com.multibrowser.parabankbrowser2@43bd930a]" name="beforeClass" is-config="true" duration-ms="11666" started-at="2020-07-25T20:23:30 IST" finished-at="2020-07-25T20:23:42 IST">
          <reporter-output>
          </reporter-output>
        </test-method> <!-- beforeClass -->
        <test-method status="PASS" signature="registration()[pri:0, instance:com.multibrowser.parabankbrowser2@43bd930a]" name="registration" duration-ms="21759" started-at="2020-07-25T20:23:42 IST" finished-at="2020-07-25T20:24:04 IST">
          <reporter-output>
            <line>
              <![CDATA[TestNG_ReportsAndLogs -> Registration]]>
            </line>
          </reporter-output>
        </test-method> <!-- registration -->
        <test-method status="PASS" signature="getResult(org.testng.ITestResult)[pri:0, instance:com.multibrowser.parabankbrowser2@43bd930a]" name="getResult" is-config="true" duration-ms="1" started-at="2020-07-25T20:24:04 IST" finished-at="2020-07-25T20:24:04 IST">
          <params>
            <param index="0">
              <value>
                <![CDATA[[TestResult name=registration status=SUCCESS method=parabankbrowser2.registration()[pri:0, instance:com.multibrowser.parabankbrowser2@43bd930a] output=TestNG_ReportsAndLogs -> Registration]]]>
              </value>
            </param>
          </params>
          <reporter-output>
          </reporter-output>
        </test-method> <!-- getResult -->
        <test-method status="PASS" signature="afterClass()[pri:0, instance:com.multibrowser.parabankbrowser2@43bd930a]" name="afterClass" is-config="true" duration-ms="2724" started-at="2020-07-25T20:24:04 IST" finished-at="2020-07-25T20:24:07 IST">
          <reporter-output>
          </reporter-output>
        </test-method> <!-- afterClass -->
        <test-method status="PASS" signature="tearDown()[pri:0, instance:com.multibrowser.parabankbrowser2@43bd930a]" name="tearDown" is-config="true" duration-ms="771" started-at="2020-07-25T20:24:07 IST" finished-at="2020-07-25T20:24:07 IST">
          <reporter-output>
          </reporter-output>
        </test-method> <!-- tearDown -->
      </class> <!-- com.multibrowser.parabankbrowser2 -->
      <class name="com.multibrowser.parallelbrowser">
        <test-method status="PASS" signature="startReport()[pri:0, instance:com.multibrowser.parallelbrowser@569cfc36]" name="startReport" is-config="true" duration-ms="2" started-at="2020-07-25T20:23:30 IST" finished-at="2020-07-25T20:23:30 IST">
          <reporter-output>
          </reporter-output>
        </test-method> <!-- startReport -->
        <test-method status="PASS" signature="beforeClass()[pri:0, instance:com.multibrowser.parallelbrowser@569cfc36]" name="beforeClass" is-config="true" duration-ms="12477" started-at="2020-07-25T20:23:30 IST" finished-at="2020-07-25T20:23:43 IST">
          <reporter-output>
          </reporter-output>
        </test-method> <!-- beforeClass -->
        <test-method status="PASS" signature="verifySearchButton()[pri:0, instance:com.multibrowser.parallelbrowser@569cfc36]" name="verifySearchButton" duration-ms="4446" started-at="2020-07-25T20:23:43 IST" finished-at="2020-07-25T20:23:47 IST">
          <reporter-output>
          </reporter-output>
        </test-method> <!-- verifySearchButton -->
        <test-method status="PASS" signature="getResult(org.testng.ITestResult)[pri:0, instance:com.multibrowser.parallelbrowser@569cfc36]" name="getResult" is-config="true" duration-ms="44" started-at="2020-07-25T20:23:47 IST" finished-at="2020-07-25T20:23:47 IST">
          <params>
            <param index="0">
              <value>
                <![CDATA[[TestResult name=verifySearchButton status=SUCCESS method=parallelbrowser.verifySearchButton()[pri:0, instance:com.multibrowser.parallelbrowser@569cfc36] output={null}]]]>
              </value>
            </param>
          </params>
          <reporter-output>
          </reporter-output>
        </test-method> <!-- getResult -->
        <test-method status="PASS" signature="afterClass()[pri:0, instance:com.multibrowser.parallelbrowser@569cfc36]" name="afterClass" is-config="true" duration-ms="2940" started-at="2020-07-25T20:23:47 IST" finished-at="2020-07-25T20:23:50 IST">
          <reporter-output>
          </reporter-output>
        </test-method> <!-- afterClass -->
        <test-method status="PASS" signature="tearDown()[pri:0, instance:com.multibrowser.parallelbrowser@569cfc36]" name="tearDown" is-config="true" duration-ms="152" started-at="2020-07-25T20:24:07 IST" finished-at="2020-07-25T20:24:07 IST">
          <reporter-output>
          </reporter-output>
        </test-method> <!-- tearDown -->
      </class> <!-- com.multibrowser.parallelbrowser -->
    </test> <!-- Parallel scenario -->
  </suite> <!-- Test Suite -->
</testng-results>
